<?xml version="1.0" encoding="UTF-8"?>
<!-- Generated by org.testng.reporters.JUnitXMLReporter -->
<testsuite ignored="0" hostname="nafrinhp" failures="5" tests="11" name="executinginedge" time="87.68" errors="0" timestamp="2024-11-20T20:32:05 IST">
  <testcase classname="com.sevenrmartsupermart.base.Base" name="@BeforeMethod launchBrowser" time="4.829">
    <failure type="org.openqa.selenium.SessionNotCreatedException" message="Could not start a new session. Possible causes are invalid address of the remote server or browser start-up failure. 
Host info: host: &amp;apos;NAFRINHP&amp;apos;, ip: &amp;apos;192.168.1.2&amp;apos;">
      <![CDATA[org.openqa.selenium.SessionNotCreatedException: Could not start a new session. Possible causes are invalid address of the remote server or browser start-up failure. 
Host info: host: 'NAFRINHP', ip: '192.168.1.2'
at org.openqa.selenium.remote.RemoteWebDriver.execute(RemoteWebDriver.java:563)
at org.openqa.selenium.remote.RemoteWebDriver.startSession(RemoteWebDriver.java:245)
at org.openqa.selenium.remote.RemoteWebDriver.<init>(RemoteWebDriver.java:174)
at org.openqa.selenium.firefox.FirefoxDriver.<init>(FirefoxDriver.java:155)
at org.openqa.selenium.firefox.FirefoxDriver.<init>(FirefoxDriver.java:150)
at org.openqa.selenium.firefox.FirefoxDriver.<init>(FirefoxDriver.java:132)
at org.openqa.selenium.firefox.FirefoxDriver.<init>(FirefoxDriver.java:127)
at org.openqa.selenium.firefox.FirefoxDriver.<init>(FirefoxDriver.java:112)
at org.openqa.selenium.firefox.FirefoxDriver.<init>(FirefoxDriver.java:102)
at com.sevenrmartsupermart.base.Base.initialise(Base.java:43)
at com.sevenrmartsupermart.base.Base.launchBrowser(Base.java:59)
at java.base/java.util.ArrayList.forEach(ArrayList.java:1511)
at java.base/java.util.concurrent.FutureTask.run(FutureTask.java:264)
at java.base/java.util.concurrent.ThreadPoolExecutor.runWorker(ThreadPoolExecutor.java:1136)
at java.base/java.util.concurrent.ThreadPoolExecutor$Worker.run(ThreadPoolExecutor.java:635)
at java.base/java.lang.Thread.run(Thread.java:833)
Caused by: org.openqa.selenium.WebDriverException: Driver server process died prematurely.
Build info: version: '4.25.0', revision: '8a8aea2337'
System info: os.name: 'Windows 11', os.arch: 'amd64', os.version: '10.0', java.version: '17.0.7'
Driver info: driver.version: FirefoxDriver
at org.openqa.selenium.remote.service.DriverService.start(DriverService.java:246)
at org.openqa.selenium.remote.service.DriverCommandExecutor.execute(DriverCommandExecutor.java:117)
at org.openqa.selenium.remote.RemoteWebDriver.execute(RemoteWebDriver.java:545)
... 36 more
... Removed 21 stack frames]]>
    </failure>
  </testcase> <!-- @BeforeMethod launchBrowser -->
  <testcase classname="com.sevenrmartsupermart.base.Base" name="@AfterMethod terminateSession" time="0.0">
    <skipped/>
  </testcase> <!-- @AfterMethod terminateSession -->
  <testcase classname="com.sevenrmartsupermart.base.Base" name="@BeforeMethod launchBrowser" time="0.0">
    <skipped/>
  </testcase> <!-- @BeforeMethod launchBrowser -->
  <testcase classname="com.sevenrmartsupermart.base.Base" name="@AfterMethod terminateSession" time="0.0">
    <skipped/>
  </testcase> <!-- @AfterMethod terminateSession -->
  <testcase classname="com.sevenrmartsupermart.base.Base" name="@BeforeMethod launchBrowser" time="0.0">
    <skipped/>
  </testcase> <!-- @BeforeMethod launchBrowser -->
  <testcase classname="com.sevenrmartsupermart.base.Base" name="@AfterMethod terminateSession" time="0.0">
    <skipped/>
  </testcase> <!-- @AfterMethod terminateSession -->
  <testcase classname="com.sevenrmartsupermart.base.Base" name="@BeforeMethod launchBrowser" time="0.0">
    <skipped/>
  </testcase> <!-- @BeforeMethod launchBrowser -->
  <testcase classname="com.sevenrmartsupermart.base.Base" name="@AfterMethod terminateSession" time="0.0">
    <skipped/>
  </testcase> <!-- @AfterMethod terminateSession -->
  <testcase classname="com.sevenrmartsupermart.base.Base" name="@BeforeMethod launchBrowser" time="0.0">
    <skipped/>
  </testcase> <!-- @BeforeMethod launchBrowser -->
  <testcase classname="com.sevenrmartsupermart.base.Base" name="@AfterMethod terminateSession" time="0.0">
    <skipped/>
  </testcase> <!-- @AfterMethod terminateSession -->
  <testcase classname="com.sevenrmartsupermart.base.Base" name="@BeforeMethod launchBrowser" time="0.0">
    <skipped/>
  </testcase> <!-- @BeforeMethod launchBrowser -->
  <testcase classname="com.sevenrmartsupermart.base.Base" name="@AfterMethod terminateSession" time="0.0">
    <skipped/>
  </testcase> <!-- @AfterMethod terminateSession -->
  <testcase classname="com.sevenrmartsupermart.base.Base" name="@BeforeMethod launchBrowser" time="0.0">
    <skipped/>
  </testcase> <!-- @BeforeMethod launchBrowser -->
  <testcase classname="com.sevenrmartsupermart.base.Base" name="@AfterMethod terminateSession" time="0.0">
    <skipped/>
  </testcase> <!-- @AfterMethod terminateSession -->
  <testcase classname="com.sevenrmartsupermart.base.Base" name="@BeforeMethod launchBrowser" time="0.0">
    <skipped/>
  </testcase> <!-- @BeforeMethod launchBrowser -->
  <testcase classname="com.sevenrmartsupermart.base.Base" name="@AfterMethod terminateSession" time="0.0">
    <skipped/>
  </testcase> <!-- @AfterMethod terminateSession -->
  <testcase classname="com.sevenrmartsupermart.base.Base" name="@BeforeMethod launchBrowser" time="0.0">
    <skipped/>
  </testcase> <!-- @BeforeMethod launchBrowser -->
  <testcase classname="com.sevenrmartsupermart.base.Base" name="@AfterMethod terminateSession" time="0.0">
    <skipped/>
  </testcase> <!-- @AfterMethod terminateSession -->
  <testcase classname="com.sevenrmartsupermart.base.Base" name="@BeforeMethod launchBrowser" time="0.0">
    <skipped/>
  </testcase> <!-- @BeforeMethod launchBrowser -->
  <testcase classname="com.sevenrmartsupermart.base.Base" name="@AfterMethod terminateSession" time="0.0">
    <skipped/>
  </testcase> <!-- @AfterMethod terminateSession -->
  <testcase classname="com.sevenrmartsupermart.base.Base" name="@BeforeMethod launchBrowser" time="0.0">
    <skipped/>
  </testcase> <!-- @BeforeMethod launchBrowser -->
  <testcase classname="com.sevenrmartsupermart.base.Base" name="@AfterMethod terminateSession" time="0.0">
    <skipped/>
  </testcase> <!-- @AfterMethod terminateSession -->
  <testcase classname="com.sevenrmartsupermart.tests.LoginTest" name="checkGroceryAppName" time="0.095"/>
  <testcase classname="com.sevenrmartsupermart.tests.LoginTest" name="verifyAdminUserLogin" time="1.548"/>
  <testcase classname="com.sevenrmartsupermart.tests.LoginTest" name="verifyAlertMessageIsShownWithWrongPassword" time="0.902"/>
  <testcase classname="com.sevenrmartsupermart.tests.LoginTest" name="verifyAlertMessageIsShownWithWrongUsername" time="0.974"/>
  <testcase classname="com.sevenrmartsupermart.tests.LoginTest" name="verifyAlertMessageIsShownWithWrongUsernameAndPassword" time="2.096"/>
  <testcase classname="com.sevenrmartsupermart.tests.LoginTest" name="verifyCSSAttributesofSignInButton" time="0.279">
    <failure type="java.lang.AssertionError" message="The following asserts failed:
	expected [16px 16px] but found [16px]">
      <![CDATA[java.lang.AssertionError: The following asserts failed:
expected [16px 16px] but found [16px]
at com.sevenrmartsupermart.tests.LoginTest.verifyCSSAttributesofSignInButton(LoginTest.java:133)
at java.base/java.util.ArrayList.forEach(ArrayList.java:1511)
at java.base/java.util.concurrent.FutureTask.run(FutureTask.java:264)
at java.base/java.util.concurrent.ThreadPoolExecutor.runWorker(ThreadPoolExecutor.java:1136)
at java.base/java.util.concurrent.ThreadPoolExecutor$Worker.run(ThreadPoolExecutor.java:635)
at java.base/java.lang.Thread.run(Thread.java:833)
... Removed 19 stack frames]]>
    </failure>
  </testcase> <!-- verifyCSSAttributesofSignInButton -->
  <testcase classname="com.sevenrmartsupermart.tests.LoginTest" name="verifyLoginDetailsAreSavedAfterClickingRememberMeCheckBox" time="2.97">
    <failure type="java.lang.AssertionError" message="The following asserts failed:
	expected [16px 16px] but found [16px]">
      <![CDATA[java.lang.AssertionError: The following asserts failed:
expected [16px 16px] but found [16px]
at com.sevenrmartsupermart.tests.LoginTest.verifyLoginDetailsAreSavedAfterClickingRememberMeCheckBox(LoginTest.java:62)
at java.base/java.util.ArrayList.forEach(ArrayList.java:1511)
at java.base/java.util.concurrent.FutureTask.run(FutureTask.java:264)
at java.base/java.util.concurrent.ThreadPoolExecutor.runWorker(ThreadPoolExecutor.java:1136)
at java.base/java.util.concurrent.ThreadPoolExecutor$Worker.run(ThreadPoolExecutor.java:635)
at java.base/java.lang.Thread.run(Thread.java:833)
... Removed 19 stack frames]]>
    </failure>
  </testcase> <!-- verifyLoginDetailsAreSavedAfterClickingRememberMeCheckBox -->
  <testcase classname="com.sevenrmartsupermart.tests.LoginTest" name="verifyLoginIsAllowedUsingEnterKeyInKeyboard" time="0.71"/>
  <testcase classname="com.sevenrmartsupermart.tests.LoginTest" name="verifyLoginIsNotAllowedWithoutPassword" time="0.313">
    <failure type="java.lang.AssertionError" message="Login is not allowed expected [Login|7rmart supermarket] but found [Login | 7rmart supermarket]">
      <![CDATA[java.lang.AssertionError: Login is not allowed expected [Login|7rmart supermarket] but found [Login | 7rmart supermarket]
at com.sevenrmartsupermart.tests.LoginTest.verifyLoginIsNotAllowedWithoutPassword(LoginTest.java:72)
at java.base/java.util.ArrayList.forEach(ArrayList.java:1511)
at java.base/java.util.concurrent.FutureTask.run(FutureTask.java:264)
at java.base/java.util.concurrent.ThreadPoolExecutor.runWorker(ThreadPoolExecutor.java:1136)
at java.base/java.util.concurrent.ThreadPoolExecutor$Worker.run(ThreadPoolExecutor.java:635)
at java.base/java.lang.Thread.run(Thread.java:833)
... Removed 22 stack frames]]>
    </failure>
  </testcase> <!-- verifyLoginIsNotAllowedWithoutPassword -->
  <testcase classname="com.sevenrmartsupermart.tests.LoginTest" name="verifyLoginIsNotAllowedWithoutUsername" time="0.288">
    <failure type="java.lang.AssertionError" message="Login is not allowed expected [Login|7rmart supermarket] but found [Login | 7rmart supermarket]">
      <![CDATA[java.lang.AssertionError: Login is not allowed expected [Login|7rmart supermarket] but found [Login | 7rmart supermarket]
at com.sevenrmartsupermart.tests.LoginTest.verifyLoginIsNotAllowedWithoutUsername(LoginTest.java:82)
at java.base/java.util.ArrayList.forEach(ArrayList.java:1511)
at java.base/java.util.concurrent.FutureTask.run(FutureTask.java:264)
at java.base/java.util.concurrent.ThreadPoolExecutor.runWorker(ThreadPoolExecutor.java:1136)
at java.base/java.util.concurrent.ThreadPoolExecutor$Worker.run(ThreadPoolExecutor.java:635)
at java.base/java.lang.Thread.run(Thread.java:833)
... Removed 22 stack frames]]>
    </failure>
  </testcase> <!-- verifyLoginIsNotAllowedWithoutUsername -->
  <testcase classname="com.sevenrmartsupermart.tests.LoginTest" name="verifyRememberMeCheckboxIsEnabled" time="0.12">
    <failure type="java.lang.AssertionError" message="expected [false] but found [true]">
      <![CDATA[java.lang.AssertionError: expected [false] but found [true]
at com.sevenrmartsupermart.tests.LoginTest.verifyRememberMeCheckboxIsEnabled(LoginTest.java:35)
at java.base/java.util.ArrayList.forEach(ArrayList.java:1511)
at java.base/java.util.concurrent.FutureTask.run(FutureTask.java:264)
at java.base/java.util.concurrent.ThreadPoolExecutor.runWorker(ThreadPoolExecutor.java:1136)
at java.base/java.util.concurrent.ThreadPoolExecutor$Worker.run(ThreadPoolExecutor.java:635)
at java.base/java.lang.Thread.run(Thread.java:833)
... Removed 21 stack frames]]>
    </failure>
  </testcase> <!-- verifyRememberMeCheckboxIsEnabled -->
</testsuite> <!-- executinginedge -->
